2021-04-18 20:50:17,324 Looking up the items with topic 'graduate school' in catalog database.
2021-04-18 20:50:17,324 Lookup Successful
2021-04-18 23:49:41,212 Looking up the item with id '1' in catalog database.
2021-04-18 23:49:41,213 Lookup Successful
2021-04-18 23:49:41,220 Looking up the item with id '1' in catalog database for updating the item.
2021-04-18 23:49:41,261 Updating the count of item 1
2021-04-18 23:49:41,262 Propagating the count of item 1
2021-04-18 23:49:41,268 Starting new HTTP connection (1): 127.0.0.1:8011
2021-04-18 23:49:41,405 http://127.0.0.1:8011 "PUT /item/propagate/1 HTTP/1.1" 201 86
2021-04-18 23:49:41,511 Catalog database update successful
2021-04-18 23:50:01,104 Looking up the item with id '1' in catalog database.
2021-04-18 23:50:01,105 Lookup Successful
2021-04-18 23:54:15,683 Looking up the item with id '2' in catalog database.
2021-04-18 23:54:15,684 Lookup Successful
2021-04-18 23:55:51,539 Looking up the item with id '5' in catalog database for updating the item.
2021-04-18 23:55:51,540 Updating the count of item 5
2021-04-18 23:55:51,667 Catalog database update successful
2021-04-18 23:55:59,837 Looking up the item with id '5' in catalog database.
2021-04-18 23:55:59,838 Lookup Successful
2021-04-19 00:11:24,964 Looking up the item with id '1' in catalog database.
2021-04-19 00:11:24,964 Lookup Successful
2021-04-19 00:13:01,358 Looking up the item with id '1' in catalog database.
2021-04-19 00:13:01,360 Lookup Successful
2021-04-19 00:16:06,904 Looking up the item with id '5' in catalog database.
2021-04-19 00:16:06,904 Lookup Successful
2021-04-19 00:16:06,911 Looking up the item with id '5' in catalog database for updating the item.
2021-04-19 00:16:06,913 Updating the count of item 5
2021-04-19 00:16:06,914 Propagating the count of item 5
2021-04-19 00:16:06,922 Starting new HTTP connection (1): 127.0.0.1:8011
2021-04-19 00:16:07,046 http://127.0.0.1:8011 "PUT /item/propagate/5 HTTP/1.1" 201 86
2021-04-19 00:16:07,169 Catalog database update successful
2021-04-19 00:19:19,349 Looking up the item with id '5' in catalog database for updating the item.
2021-04-19 00:19:19,349 Updating the count of item 5
2021-04-19 00:19:19,474 Catalog database update successful
2021-04-19 00:19:35,175 Looking up the item with id '5' in catalog database.
2021-04-19 00:19:35,177 Lookup Successful
2021-04-19 00:23:57,687 Looking up the item with id '5' in catalog database.
2021-04-19 00:23:57,687 Lookup Successful
2021-04-19 00:23:57,695 Looking up the item with id '5' in catalog database for updating the item.
2021-04-19 00:23:57,696 Updating the count of item 5
2021-04-19 00:23:57,697 Propagating the count of item 5
2021-04-19 00:23:57,702 Starting new HTTP connection (1): 127.0.0.1:8011
2021-04-19 00:23:58,103 http://127.0.0.1:8011 "PUT /item/propagate/5 HTTP/1.1" 201 86
2021-04-19 00:23:58,237 Catalog database update successful
2021-04-19 00:24:01,005 Looking up the item with id '5' in catalog database.
2021-04-19 00:24:01,006 Lookup Successful
2021-04-19 00:24:05,140 Looking up the item with id '5' in catalog database for updating the item.
2021-04-19 00:24:05,141 Updating the count of item 5
2021-04-19 00:24:05,270 Catalog database update successful
2021-04-19 00:24:07,264 Looking up the item with id '5' in catalog database.
2021-04-19 00:24:07,265 Lookup Successful
2021-04-19 00:24:11,813 Looking up the item with id '5' in catalog database.
2021-04-19 00:24:11,813 Lookup Successful
2021-04-19 00:24:11,820 Looking up the item with id '5' in catalog database for updating the item.
2021-04-19 00:24:11,820 Updating the count of item 5
2021-04-19 00:24:11,821 Propagating the count of item 5
2021-04-19 00:24:11,824 Starting new HTTP connection (1): 127.0.0.1:8011
2021-04-19 00:24:11,955 http://127.0.0.1:8011 "PUT /item/propagate/5 HTTP/1.1" 201 86
2021-04-19 00:24:12,070 Catalog database update successful
2021-04-19 00:24:15,153 Looking up the item with id '5' in catalog database.
2021-04-19 00:24:15,154 Lookup Successful
2021-04-19 00:24:24,021 Looking up the item with id '5' in catalog database for updating the item.
2021-04-19 00:24:24,022 Updating the count of item 5
2021-04-19 00:24:24,162 Catalog database update successful
2021-04-19 00:24:27,008 Looking up the item with id '5' in catalog database.
2021-04-19 00:24:27,008 Lookup Successful
