2021-04-18 20:51:56,928 Looking up the items with topic 'distributed systems' in catalog database.
2021-04-18 20:51:56,929 Lookup Successful
2021-04-18 23:16:29,645 Looking up the item with id '2' in catalog database.
2021-04-18 23:16:29,646 Lookup Successful
2021-04-18 23:16:32,896 Looking up the item with id '5' in catalog database.
2021-04-18 23:16:32,897 Lookup Successful
2021-04-18 23:16:36,052 Looking up the item with id '7' in catalog database.
2021-04-18 23:16:36,053 Lookup Successful
2021-04-18 23:49:41,271 Looking up the item with id '1' in catalog database for updating the item.
2021-04-18 23:49:41,274 Updating the count of item 1
2021-04-18 23:49:41,403 Catalog database update successful
2021-04-18 23:49:55,628 Looking up the item with id '1' in catalog database.
2021-04-18 23:49:55,628 Lookup Successful
2021-04-18 23:54:02,837 Looking up the items with topic 'distributed systems' in catalog database.
2021-04-18 23:54:02,837 Lookup Successful
2021-04-18 23:55:51,522 Looking up the item with id '5' in catalog database.
2021-04-18 23:55:51,522 Lookup Successful
2021-04-18 23:55:51,527 Looking up the item with id '5' in catalog database for updating the item.
2021-04-18 23:55:51,528 Updating the count of item 5
2021-04-18 23:55:51,529 Propagating the count of item 5
2021-04-18 23:55:51,537 Starting new HTTP connection (1): 127.0.0.1:8021
2021-04-18 23:55:51,668 http://127.0.0.1:8021 "PUT /item/propagate/5 HTTP/1.1" 201 86
2021-04-18 23:55:51,809 Catalog database update successful
2021-04-18 23:56:03,653 Looking up the item with id '5' in catalog database.
2021-04-18 23:56:03,654 Lookup Successful
2021-04-19 00:06:16,951 Looking up the item with id '1' in catalog database.
2021-04-19 00:06:16,951 Lookup Successful
2021-04-19 00:12:11,993 Looking up the item with id '1' in catalog database.
2021-04-19 00:12:11,995 Lookup Successful
2021-04-19 00:15:56,105 Looking up the item with id '1' in catalog database.
2021-04-19 00:15:56,107 Lookup Successful
2021-04-19 00:16:06,925 Looking up the item with id '5' in catalog database for updating the item.
2021-04-19 00:16:06,928 Updating the count of item 5
2021-04-19 00:16:07,044 Catalog database update successful
2021-04-19 00:19:19,333 Looking up the item with id '5' in catalog database.
2021-04-19 00:19:19,333 Lookup Successful
2021-04-19 00:19:19,339 Looking up the item with id '5' in catalog database for updating the item.
2021-04-19 00:19:19,339 Updating the count of item 5
2021-04-19 00:19:19,340 Propagating the count of item 5
2021-04-19 00:19:19,347 Starting new HTTP connection (1): 127.0.0.1:8021
2021-04-19 00:19:19,475 http://127.0.0.1:8021 "PUT /item/propagate/5 HTTP/1.1" 201 86
2021-04-19 00:19:19,599 Catalog database update successful
2021-04-19 00:19:25,626 Looking up the item with id '5' in catalog database.
2021-04-19 00:19:25,627 Lookup Successful
2021-04-19 00:23:57,704 Looking up the item with id '5' in catalog database for updating the item.
2021-04-19 00:23:57,705 Updating the count of item 5
2021-04-19 00:23:58,102 Catalog database update successful
2021-04-19 00:24:05,129 Looking up the item with id '5' in catalog database.
2021-04-19 00:24:05,129 Lookup Successful
2021-04-19 00:24:05,134 Looking up the item with id '5' in catalog database for updating the item.
2021-04-19 00:24:05,134 Updating the count of item 5
2021-04-19 00:24:05,135 Propagating the count of item 5
2021-04-19 00:24:05,138 Starting new HTTP connection (1): 127.0.0.1:8021
2021-04-19 00:24:05,272 http://127.0.0.1:8021 "PUT /item/propagate/5 HTTP/1.1" 201 86
2021-04-19 00:24:05,420 Catalog database update successful
2021-04-19 00:24:11,827 Looking up the item with id '5' in catalog database for updating the item.
2021-04-19 00:24:11,828 Updating the count of item 5
2021-04-19 00:24:11,954 Catalog database update successful
2021-04-19 00:24:24,004 Looking up the item with id '5' in catalog database.
2021-04-19 00:24:24,004 Lookup Successful
2021-04-19 00:24:24,012 Looking up the item with id '5' in catalog database for updating the item.
2021-04-19 00:24:24,013 Updating the count of item 5
2021-04-19 00:24:24,015 Propagating the count of item 5
2021-04-19 00:24:24,019 Starting new HTTP connection (1): 127.0.0.1:8021
2021-04-19 00:24:24,163 http://127.0.0.1:8021 "PUT /item/propagate/5 HTTP/1.1" 201 86
2021-04-19 00:24:24,271 Catalog database update successful
